<?xml version="1.0" encoding="UTF-8"?>
<!-- Generated by org.testng.reporters.JUnitReportReporter -->
<testsuite skipped="0" hostname="Sofiya-PC" name="com.qa.test.GetAPITest" tests="1" failures="0" timestamp="2020-05-02T21:21:16 IST" time="4.913" errors="0">
  <testcase name="getAPITest" time="4.913" classname="com.qa.test.GetAPITest"/>
  <system-out/>
</testsuite> <!-- com.qa.test.GetAPITest -->
